<?xml version="1.0" encoding="UTF-8"?>
<testng-results ignored="0" total="1" passed="1" failed="0" skipped="0">
  <reporter-output>
  </reporter-output>
  <suite started-at="2023-02-19T17:28:14Z" name="Default suite" finished-at="2023-02-19T17:28:20Z" duration-ms="6109">
    <groups>
    </groups>
    <test started-at="2023-02-19T17:28:14Z" name="Default test" finished-at="2023-02-19T17:28:20Z" duration-ms="6109">
      <class name="org.dev.SampleTestNG">
        <test-method signature="getRequest()[pri:0, instance:org.dev.SampleTestNG@3081f72c]" started-at="2023-02-19T17:28:14Z" name="getRequest" finished-at="2023-02-19T17:28:20Z" duration-ms="5936" status="PASS">
          <reporter-output>
          </reporter-output>
        </test-method> <!-- getRequest -->
      </class> <!-- org.dev.SampleTestNG -->
    </test> <!-- Default test -->
  </suite> <!-- Default suite -->
</testng-results>
